C:\TEMP\PROJECT\REMOTEHOOK\RELEASE\T2.EXE
C:\TEMP\PROJECT\REMOTEHOOK\RELEASE\T2.PDB
C:\temp\project\RemoteHook\t2\Release\cl.command.1.tlog
C:\temp\project\RemoteHook\t2\Release\CL.read.1.tlog
C:\temp\project\RemoteHook\t2\Release\CL.write.1.tlog
C:\temp\project\RemoteHook\t2\Release\link.command.1.tlog
C:\temp\project\RemoteHook\t2\Release\link.read.1.tlog
C:\temp\project\RemoteHook\t2\Release\link.write.1.tlog
C:\temp\project\RemoteHook\t2\Release\link-cvtres.read.1.tlog
C:\temp\project\RemoteHook\t2\Release\link-cvtres.write.1.tlog
C:\temp\project\RemoteHook\t2\Release\mt.command.1.tlog
C:\temp\project\RemoteHook\t2\Release\mt.read.1.tlog
C:\temp\project\RemoteHook\t2\Release\mt.write.1.tlog
C:\temp\project\RemoteHook\t2\Release\rc.command.1.tlog
C:\temp\project\RemoteHook\t2\Release\rc.read.1.tlog
C:\temp\project\RemoteHook\t2\Release\rc.write.1.tlog
C:\TEMP\PROJECT\REMOTEHOOK\T2\RELEASE\STDAFX.OBJ
C:\TEMP\PROJECT\REMOTEHOOK\T2\RELEASE\T2.EXE.INTERMEDIATE.MANIFEST
C:\TEMP\PROJECT\REMOTEHOOK\T2\RELEASE\T2.OBJ
C:\TEMP\PROJECT\REMOTEHOOK\T2\RELEASE\T2.PCH
C:\TEMP\PROJECT\REMOTEHOOK\T2\RELEASE\T2.RES
C:\temp\project\RemoteHook\t2\Release\t2.vcxprojResolveAssemblyReference.cache
C:\temp\project\RemoteHook\t2\Release\t2.write.1.tlog
C:\TEMP\PROJECT\REMOTEHOOK\T2\RELEASE\VC100.PDB
